<?xml version="1.0" encoding="UTF-8"?>
<!-- Generated by org.testng.reporters.JUnitReportReporter -->
<testsuite hostname="ChicomeXochitl" failures="0" tests="2" name="testCases.TC_001_AccountRegistrationTest" time="10.566" errors="0" timestamp="2025-04-09T11:36:20 CDT" skipped="0">
  <testcase classname="testCases.TC_001_AccountRegistrationTest" name="verify_account_registration" time="3.712"/>
  <testcase classname="testCases.TC_001_AccountRegistrationTest" name="verify_account_registration" time="6.854"/>
</testsuite> <!-- testCases.TC_001_AccountRegistrationTest -->
