<?xml version="1.0" encoding="UTF-8"?>
<!-- Generated by org.testng.reporters.JUnitReportReporter -->
<testsuite hostname="ChicomeXochitl" failures="0" tests="5" name="testCases.TC_003_LoginDDT" time="30.332" errors="0" timestamp="2025-06-19T22:38:54 CDT" skipped="0">
  <testcase classname="testCases.TC_003_LoginDDT" name="verify_loginDDT" time="2.509"/>
  <testcase classname="testCases.TC_003_LoginDDT" name="verify_loginDDT" time="2.739"/>
  <testcase classname="testCases.TC_003_LoginDDT" name="verify_loginDDT" time="11.362"/>
  <testcase classname="testCases.TC_003_LoginDDT" name="verify_loginDDT" time="11.333"/>
  <testcase classname="testCases.TC_003_LoginDDT" name="verify_loginDDT" time="2.389"/>
</testsuite> <!-- testCases.TC_003_LoginDDT -->
