<?xml version="1.0" encoding="UTF-8"?>
<!-- Generated by org.testng.reporters.JUnitReportReporter -->
<testsuite hostname="ChicomeXochitl" failures="0" tests="1" name="testCases.TC_002_LoginTest" time="1.673" errors="0" timestamp="2025-06-24T17:35:56 CDT" skipped="0">
  <testcase classname="testCases.TC_002_LoginTest" name="verify_login" time="1.673"/>
</testsuite> <!-- testCases.TC_002_LoginTest -->
