<?xml version="1.0" encoding="UTF-8"?>
<!-- Generated by org.testng.reporters.JUnitReportReporter -->
<testsuite hostname="ChicomeXochitl" failures="0" tests="1" name="testCases.TC_001_AccountRegistrationTest" time="2.282" errors="0" timestamp="2025-06-24T17:35:56 CDT" skipped="0">
  <testcase classname="testCases.TC_001_AccountRegistrationTest" name="verify_account_registration" time="2.282"/>
</testsuite> <!-- testCases.TC_001_AccountRegistrationTest -->
