<?xml version="1.0" encoding="UTF-8"?>
<!-- Generated by org.testng.reporters.JUnitReportReporter -->
<testsuite hostname="ChicomeXochitl" failures="0" tests="1" name="testCases.TC_002_LoginTest" time="2.038" errors="0" timestamp="2025-04-10T13:06:56 CDT" skipped="0">
  <testcase classname="testCases.TC_002_LoginTest" name="verify_login" time="2.038"/>
</testsuite> <!-- testCases.TC_002_LoginTest -->
